Log file open, 01/22/20 09:59:38
LogWindows: Failed to load 'aqProf.dll' (GetLastError=126)
LogWindows: File 'aqProf.dll' does not exist
LogWindows: Failed to load 'VtuneApi.dll' (GetLastError=126)
LogWindows: File 'VtuneApi.dll' does not exist
LogWindows: Failed to load 'VtuneApi32e.dll' (GetLastError=126)
LogWindows: File 'VtuneApi32e.dll' does not exist
LogConsoleResponse: Display: Failed to find resolution value strings in scalability ini. Falling back to default.
LogInit: Display: Running engine for game: MyProject2
LogPakFile: Registered encryption key '00000000000000000000000000000000': 0 pak files mounted, 0 remain pending
LogPlatformFile: Not using cached read wrapper
LogTaskGraph: Started task graph with 5 named threads and 35 total threads with 3 sets of task threads.
LogStats: Stats thread started at 0.429609
LogD3D11RHI: Loaded GFSDK_Aftermath_Lib.x64.dll
LogICUInternationalization: ICU TimeZone Detection - Raw Offset: +1:00, Platform Override: ''
LogPluginManager: Mounting plugin Paper2D
LogPluginManager: Mounting plugin AISupport
LogPluginManager: Mounting plugin LightPropagationVolume
LogPluginManager: Mounting plugin ActorLayerUtilities
LogPluginManager: Mounting plugin AnimationSharing
LogPluginManager: Mounting plugin CLionSourceCodeAccess
LogPluginManager: Mounting plugin CodeLiteSourceCodeAccess
LogPluginManager: Mounting plugin GitSourceControl
LogPluginManager: Mounting plugin KDevelopSourceCodeAccess
LogPluginManager: Mounting plugin NullSourceCodeAccess
LogPluginManager: Mounting plugin PerforceSourceControl
LogPluginManager: Mounting plugin SubversionSourceControl
LogPluginManager: Mounting plugin UObjectPlugin
LogPluginManager: Mounting plugin VisualStudioCodeSourceCodeAccess
LogPluginManager: Mounting plugin VisualStudioSourceCodeAccess
LogPluginManager: Mounting plugin XCodeSourceCodeAccess
LogPluginManager: Mounting plugin AssetManagerEditor
LogPluginManager: Mounting plugin CryptoKeys
LogPluginManager: Mounting plugin DataValidation
LogPluginManager: Mounting plugin FacialAnimation
LogPluginManager: Mounting plugin GameplayTagsEditor
LogPluginManager: Mounting plugin MacGraphicsSwitching
LogPluginManager: Mounting plugin MaterialAnalyzer
LogPluginManager: Mounting plugin MobileLauncherProfileWizard
LogPluginManager: Mounting plugin PluginBrowser
LogPluginManager: Mounting plugin SpeedTreeImporter
LogPluginManager: Mounting plugin DatasmithContent
LogPluginManager: Mounting plugin VariantManagerContent
LogPluginManager: Mounting plugin AlembicImporter
LogPluginManager: Mounting plugin AppleImageUtils
LogPluginManager: Mounting plugin AppleVision
LogPluginManager: Mounting plugin BackChannel
LogPluginManager: Mounting plugin CharacterAI
LogPluginManager: Mounting plugin GeometryCache
LogPluginManager: Mounting plugin HTML5Networking
LogPluginManager: Mounting plugin ProxyLODPlugin
LogPluginManager: Mounting plugin SkeletalReduction
LogPluginManager: Mounting plugin MagicLeap
LogPluginManager: Mounting plugin MagicLeapMedia
LogPluginManager: Mounting plugin AndroidMedia
LogPluginManager: Mounting plugin AvfMedia
LogPluginManager: Mounting plugin ImgMedia
LogPluginManager: Mounting plugin LinearTimecode
LogPluginManager: Mounting plugin MediaCompositing
LogPluginManager: Mounting plugin MediaPlayerEditor
LogPluginManager: Mounting plugin WebMMedia
LogPluginManager: Mounting plugin WmfMedia
LogPluginManager: Mounting plugin TcpMessaging
LogPluginManager: Mounting plugin UdpMessaging
LogPluginManager: Mounting plugin ActorSequence
LogPluginManager: Mounting plugin LevelSequenceEditor
LogPluginManager: Mounting plugin MatineeToLevelSequence
LogPluginManager: Mounting plugin NetcodeUnitTest
LogPluginManager: Mounting plugin NUTUnrealEngine4
LogPluginManager: Mounting plugin OnlineSubsystemGooglePlay
LogPluginManager: Mounting plugin OnlineSubsystemIOS
LogPluginManager: Mounting plugin OnlineSubsystem
LogPluginManager: Mounting plugin OnlineSubsystemNull
LogPluginManager: Mounting plugin OnlineSubsystemUtils
LogPluginManager: Mounting plugin LauncherChunkInstaller
LogPluginManager: Mounting plugin AndroidDeviceProfileSelector
LogPluginManager: Mounting plugin AndroidMoviePlayer
LogPluginManager: Mounting plugin AndroidPermission
LogPluginManager: Mounting plugin AppleMoviePlayer
LogPluginManager: Mounting plugin ArchVisCharacter
LogPluginManager: Mounting plugin AudioCapture
LogPluginManager: Mounting plugin CableComponent
LogPluginManager: Mounting plugin CustomMeshComponent
LogPluginManager: Mounting plugin EditableMesh
LogPluginManager: Mounting plugin ExampleDeviceProfileSelector
LogPluginManager: Mounting plugin Firebase
LogPluginManager: Mounting plugin GoogleCloudMessaging
LogPluginManager: Mounting plugin IOSDeviceProfileSelector
LogPluginManager: Mounting plugin LinuxDeviceProfileSelector
LogPluginManager: Mounting plugin LocationServicesBPLibrary
LogPluginManager: Mounting plugin MobilePatchingUtils
LogPluginManager: Mounting plugin OculusVR
LogPluginManager: Mounting plugin PhysXVehicles
LogPluginManager: Mounting plugin ProceduralMeshComponent
LogPluginManager: Mounting plugin RuntimePhysXCooking
LogPluginManager: Mounting plugin SignificanceManager
LogPluginManager: Mounting plugin SteamVR
LogPluginManager: Mounting plugin WebMMoviePlayer
LogPluginManager: Mounting plugin WindowsMoviePlayer
LogInit: Using libcurl 7.55.1-DEV
LogInit:  - built for x86_64-pc-win32
LogInit:  - supports SSL with OpenSSL/1.1.1
LogInit:  - supports HTTP deflate (compression) using libz 1.2.8
LogInit:  - other features:
LogInit:      CURL_VERSION_SSL
LogInit:      CURL_VERSION_LIBZ
LogInit:      CURL_VERSION_IPV6
LogInit:      CURL_VERSION_ASYNCHDNS
LogInit:      CURL_VERSION_LARGEFILE
LogInit:      CURL_VERSION_IDN
LogInit:  CurlRequestOptions (configurable via config and command line):
LogInit:  - bVerifyPeer = true  - Libcurl will verify peer certificate
LogInit:  - bUseHttpProxy = false  - Libcurl will NOT use HTTP proxy
LogInit:  - bDontReuseConnections = false  - Libcurl will reuse connections
LogInit:  - MaxHostConnections = 16  - Libcurl will limit the number of connections to a host
LogInit:  - LocalHostAddr = Default
LogInit:  - BufferSize = 65536
LogInit: WinSock: version 1.1 (2.2), MaxSocks=32767, MaxUdp=65467
LogInit: Build: ++UE4+Release-4.22-CL-7053642
LogInit: Engine Version: 4.22.3-7053642+++UE4+Release-4.22
LogInit: Compatible Engine Version: 4.22.0-5660361+++UE4+Release-4.22
LogInit: Net CL: 5660361
LogInit: OS: Windows 10 (Release 1809) (), CPU: AMD Ryzen 5 1600 Six-Core Processor            , GPU: NVIDIA GeForce GTX 1060 3GB
LogInit: Compiled (64-bit): Jun 18 2019 03:09:11
LogInit: Compiled with Visual C++: 19.16.27025.01
LogInit: Build Configuration: Development
LogInit: Branch Name: ++UE4+Release-4.22
LogInit: Command Line:  -EpicPortal -epicusername=bernat.grifol -epicuserid=6d30d2436c7d460ea6b46e1b3e9ee6d5 -epiclocale=en-US
LogInit: Base Directory: C:/Program Files/Epic Games/UE_4.22/Engine/Binaries/Win64/
LogInit: Installed Engine Build: 1
LogDevObjectVersion: Number of dev versions registered: 23
LogDevObjectVersion:   Dev-Blueprints (B0D832E4-1F89-4F0D-ACCF-7EB736FD4AA2): 10
LogDevObjectVersion:   Dev-Build (E1C64328-A22C-4D53-A36C-8E866417BD8C): 0
LogDevObjectVersion:   Dev-Core (375EC13C-06E4-48FB-B500-84F0262A717E): 3
LogDevObjectVersion:   Dev-Editor (E4B068ED-F494-42E9-A231-DA0B2E46BB41): 30
LogDevObjectVersion:   Dev-Framework (CFFC743F-43B0-4480-9391-14DF171D2073): 35
LogDevObjectVersion:   Dev-Mobile (B02B49B5-BB20-44E9-A304-32B752E40360): 2
LogDevObjectVersion:   Dev-Networking (A4E4105C-59A1-49B5-A7C5-40C4547EDFEE): 0
LogDevObjectVersion:   Dev-Online (39C831C9-5AE6-47DC-9A44-9C173E1C8E7C): 0
LogDevObjectVersion:   Dev-Physics (78F01B33-EBEA-4F98-B9B4-84EACCB95AA2): 0
LogDevObjectVersion:   Dev-Platform (6631380F-2D4D-43E0-8009-CF276956A95A): 0
LogDevObjectVersion:   Dev-Rendering (12F88B9F-8875-4AFC-A67C-D90C383ABD29): 28
LogDevObjectVersion:   Dev-Sequencer (7B5AE74C-D270-4C10-A958-57980B212A5A): 11
LogDevObjectVersion:   Dev-VR (D7296918-1DD6-4BDD-9DE2-64A83CC13884): 2
LogDevObjectVersion:   Dev-LoadTimes (C2A15278-BFE7-4AFE-6C17-90FF531DF755): 1
LogDevObjectVersion:   Private-Geometry (6EACA3D4-40EC-4CC1-B786-8BED09428FC5): 3
LogDevObjectVersion:   Dev-AnimPhys (29E575DD-E0A3-4627-9D10-D276232CDCEA): 17
LogDevObjectVersion:   Dev-Anim (AF43A65D-7FD3-4947-9873-3E8ED9C1BB05): 2
LogDevObjectVersion:   Dev-ReflectionCapture (6B266CEC-1EC7-4B8F-A30B-E4D90942FC07): 1
LogDevObjectVersion:   Dev-Automation (0DF73D61-A23F-47EA-B727-89E90C41499A): 1
LogDevObjectVersion:   FortniteMain (601D1886-AC64-4F84-AA16-D3DE0DEAC7D6): 25
LogDevObjectVersion:   Dev-Enterprise (9DFFBCD6-494F-0158-E221-12823C92A888): 6
LogDevObjectVersion:   Dev-Niagara (F2AED0AC-9AFE-416F-8664-AA7FFA26D6FC): 1
LogDevObjectVersion:   Dev-Destruction (174F1F0B-B4C6-45A5-B13F-2EE8D0FB917D): 2
LogInit: Presizing for max 16777216 objects, including 0 objects not considered by GC, pre-allocating 0 bytes for permanent pool.
LogInit: Object subsystem initialized
LogConfig: Setting CVar [[con.DebugEarlyDefault:1]]
LogConfig: Setting CVar [[r.setres:1280x720]]
[2020.01.22-08.59.38:804][  0]LogConfig: Setting CVar [[r.VSync:0]]
[2020.01.22-08.59.38:804][  0]LogConfig: Setting CVar [[r.RHICmdBypass:0]]
[2020.01.22-08.59.38:804][  0]LogConfig: Applying CVar settings from Section [/Script/Engine.RendererSettings] File [C:/Users/bernat.grifol/Desktop/Proyectos_DAMVIOD/Proyecto_Unreal_DAMVIOD2/MyProject2/Saved/Config/Windows/Engine.ini]
[2020.01.22-08.59.38:804][  0]LogConfig: Setting CVar [[r.GPUCrashDebugging:0]]
[2020.01.22-08.59.38:804][  0]LogConfig: Setting CVar [[r.DefaultFeature.AutoExposure.ExtendDefaultLuminanceRange:1]]
[2020.01.22-08.59.38:804][  0]LogConfig: Applying CVar settings from Section [/Script/Engine.RendererOverrideSettings] File [C:/Users/bernat.grifol/Desktop/Proyectos_DAMVIOD/Proyecto_Unreal_DAMVIOD2/MyProject2/Saved/Config/Windows/Engine.ini]
[2020.01.22-08.59.38:804][  0]LogConfig: Applying CVar settings from Section [/Script/Engine.StreamingSettings] File [C:/Users/bernat.grifol/Desktop/Proyectos_DAMVIOD/Proyecto_Unreal_DAMVIOD2/MyProject2/Saved/Config/Windows/Engine.ini]
[2020.01.22-08.59.38:804][  0]LogConfig: Setting CVar [[s.MinBulkDataSizeForAsyncLoading:131072]]
[2020.01.22-08.59.38:804][  0]LogConfig: Setting CVar [[s.AsyncLoadingThreadEnabled:0]]
[2020.01.22-08.59.38:804][  0]LogConfig: Setting CVar [[s.EventDrivenLoaderEnabled:1]]
[2020.01.22-08.59.38:804][  0]LogConfig: Setting CVar [[s.WarnIfTimeLimitExceeded:0]]
[2020.01.22-08.59.38:804][  0]LogConfig: Setting CVar [[s.TimeLimitExceededMultiplier:1.5]]
[2020.01.22-08.59.38:804][  0]LogConfig: Setting CVar [[s.TimeLimitExceededMinTime:0.005]]
[2020.01.22-08.59.38:804][  0]LogConfig: Setting CVar [[s.UseBackgroundLevelStreaming:1]]
[2020.01.22-08.59.38:804][  0]LogConfig: Setting CVar [[s.PriorityAsyncLoadingExtraTime:15.0]]
[2020.01.22-08.59.38:804][  0]LogConfig: Setting CVar [[s.LevelStreamingActorsUpdateTimeLimit:5.0]]
[2020.01.22-08.59.38:804][  0]LogConfig: Setting CVar [[s.PriorityLevelStreamingActorsUpdateExtraTime:5.0]]
[2020.01.22-08.59.38:804][  0]LogConfig: Setting CVar [[s.LevelStreamingComponentsRegistrationGranularity:10]]
[2020.01.22-08.59.38:804][  0]LogConfig: Setting CVar [[s.UnregisterComponentsTimeLimit:1.0]]
[2020.01.22-08.59.38:804][  0]LogConfig: Setting CVar [[s.LevelStreamingComponentsUnregistrationGranularity:5]]
[2020.01.22-08.59.38:804][  0]LogConfig: Applying CVar settings from Section [/Script/Engine.GarbageCollectionSettings] File [C:/Users/bernat.grifol/Desktop/Proyectos_DAMVIOD/Proyecto_Unreal_DAMVIOD2/MyProject2/Saved/Config/Windows/Engine.ini]
[2020.01.22-08.59.38:804][  0]LogConfig: Setting CVar [[gc.MaxObjectsNotConsideredByGC:1]]
[2020.01.22-08.59.38:804][  0]LogConfig: Setting CVar [[gc.SizeOfPermanentObjectPool:0]]
[2020.01.22-08.59.38:804][  0]LogConfig: Setting CVar [[gc.FlushStreamingOnGC:0]]
[2020.01.22-08.59.38:804][  0]LogConfig: Setting CVar [[gc.NumRetriesBeforeForcingGC:10]]
[2020.01.22-08.59.38:804][  0]LogConfig: Setting CVar [[gc.AllowParallelGC:1]]
[2020.01.22-08.59.38:804][  0]LogConfig: Setting CVar [[gc.TimeBetweenPurgingPendingKillObjects:61.1]]
[2020.01.22-08.59.38:804][  0]LogConfig: Setting CVar [[gc.MaxObjectsInEditor:16777216]]
[2020.01.22-08.59.38:804][  0]LogConfig: Setting CVar [[gc.IncrementalBeginDestroyEnabled:1]]
[2020.01.22-08.59.38:804][  0]LogConfig: Setting CVar [[gc.CreateGCClusters:1]]
[2020.01.22-08.59.38:804][  0]LogConfig: Setting CVar [[gc.MinGCClusterSize:5]]
[2020.01.22-08.59.38:804][  0]LogConfig: Setting CVar [[gc.ActorClusteringEnabled:0]]
[2020.01.22-08.59.38:804][  0]LogConfig: Setting CVar [[gc.BlueprintClusteringEnabled:0]]
[2020.01.22-08.59.38:804][  0]LogConfig: Setting CVar [[gc.UseDisregardForGCOnDedicatedServers:0]]
[2020.01.22-08.59.38:804][  0]LogConfig: Applying CVar settings from Section [/Script/Engine.NetworkSettings] File [C:/Users/bernat.grifol/Desktop/Proyectos_DAMVIOD/Proyecto_Unreal_DAMVIOD2/MyProject2/Saved/Config/Windows/Engine.ini]
[2020.01.22-08.59.38:804][  0]LogConfig: Applying CVar settings from Section [/Script/UnrealEd.CookerSettings] File [C:/Users/bernat.grifol/Desktop/Proyectos_DAMVIOD/Proyecto_Unreal_DAMVIOD2/MyProject2/Saved/Config/Windows/Engine.ini]
[2020.01.22-08.59.38:807][  0]LogConfig: Applying CVar settings from Section [ViewDistanceQuality@3] File [C:/Users/bernat.grifol/Desktop/Proyectos_DAMVIOD/Proyecto_Unreal_DAMVIOD2/MyProject2/Saved/Config/Windows/Scalability.ini]
[2020.01.22-08.59.38:807][  0]LogConfig: Setting CVar [[r.SkeletalMeshLODBias:0]]
[2020.01.22-08.59.38:807][  0]LogConfig: Setting CVar [[r.ViewDistanceScale:1.0]]
[2020.01.22-08.59.38:807][  0]LogConfig: Applying CVar settings from Section [AntiAliasingQuality@3] File [C:/Users/bernat.grifol/Desktop/Proyectos_DAMVIOD/Proyecto_Unreal_DAMVIOD2/MyProject2/Saved/Config/Windows/Scalability.ini]
[2020.01.22-08.59.38:807][  0]LogConfig: Setting CVar [[r.PostProcessAAQuality:4]]
[2020.01.22-08.59.38:807][  0]LogConfig: Applying CVar settings from Section [ShadowQuality@3] File [C:/Users/bernat.grifol/Desktop/Proyectos_DAMVIOD/Proyecto_Unreal_DAMVIOD2/MyProject2/Saved/Config/Windows/Scalability.ini]
[2020.01.22-08.59.38:807][  0]LogConfig: Setting CVar [[r.LightFunctionQuality:1]]
[2020.01.22-08.59.38:807][  0]LogConfig: Setting CVar [[r.ShadowQuality:5]]
[2020.01.22-08.59.38:807][  0]LogConfig: Setting CVar [[r.Shadow.CSM.MaxCascades:10]]
[2020.01.22-08.59.38:807][  0]LogConfig: Setting CVar [[r.Shadow.MaxResolution:2048]]
[2020.01.22-08.59.38:807][  0]LogConfig: Setting CVar [[r.Shadow.MaxCSMResolution:2048]]
[2020.01.22-08.59.38:807][  0]LogConfig: Setting CVar [[r.Shadow.RadiusThreshold:0.01]]
[2020.01.22-08.59.38:807][  0]LogConfig: Setting CVar [[r.Shadow.DistanceScale:1.0]]
[2020.01.22-08.59.38:807][  0]LogConfig: Setting CVar [[r.Shadow.CSM.TransitionScale:1.0]]
[2020.01.22-08.59.38:807][  0]LogConfig: Setting CVar [[r.Shadow.PreShadowResolutionFactor:1.0]]
[2020.01.22-08.59.38:807][  0]LogConfig: Setting CVar [[r.DistanceFieldShadowing:1]]
[2020.01.22-08.59.38:807][  0]LogConfig: Setting CVar [[r.DistanceFieldAO:1]]
[2020.01.22-08.59.38:807][  0]LogConfig: Setting CVar [[r.AOQuality:2]]
[2020.01.22-08.59.38:807][  0]LogConfig: Setting CVar [[r.VolumetricFog:1]]
[2020.01.22-08.59.38:807][  0]LogConfig: Setting CVar [[r.VolumetricFog.GridPixelSize:8]]
[2020.01.22-08.59.38:807][  0]LogConfig: Setting CVar [[r.VolumetricFog.GridSizeZ:128]]
[2020.01.22-08.59.38:807][  0]LogConfig: Setting CVar [[r.VolumetricFog.HistoryMissSupersampleCount:4]]
[2020.01.22-08.59.38:807][  0]LogConfig: Setting CVar [[r.LightMaxDrawDistanceScale:1]]
[2020.01.22-08.59.38:807][  0]LogConfig: Setting CVar [[r.CapsuleShadows:1]]
[2020.01.22-08.59.38:807][  0]LogConfig: Applying CVar settings from Section [PostProcessQuality@3] File [C:/Users/bernat.grifol/Desktop/Proyectos_DAMVIOD/Proyecto_Unreal_DAMVIOD2/MyProject2/Saved/Config/Windows/Scalability.ini]
[2020.01.22-08.59.38:807][  0]LogConfig: Setting CVar [[r.MotionBlurQuality:4]]
[2020.01.22-08.59.38:807][  0]LogConfig: Setting CVar [[r.AmbientOcclusionMipLevelFactor:0.4]]
[2020.01.22-08.59.38:807][  0]LogConfig: Setting CVar [[r.AmbientOcclusionMaxQuality:100]]
[2020.01.22-08.59.38:807][  0]LogConfig: Setting CVar [[r.AmbientOcclusionLevels:-1]]
[2020.01.22-08.59.38:807][  0]LogConfig: Setting CVar [[r.AmbientOcclusionRadiusScale:1.0]]
[2020.01.22-08.59.38:807][  0]LogConfig: Setting CVar [[r.DepthOfFieldQuality:2]]
[2020.01.22-08.59.38:807][  0]LogConfig: Setting CVar [[r.RenderTargetPoolMin:400]]
[2020.01.22-08.59.38:807][  0]LogConfig: Setting CVar [[r.LensFlareQuality:2]]
[2020.01.22-08.59.38:807][  0]LogConfig: Setting CVar [[r.SceneColorFringeQuality:1]]
[2020.01.22-08.59.38:807][  0]LogConfig: Setting CVar [[r.EyeAdaptationQuality:2]]
[2020.01.22-08.59.38:807][  0]LogConfig: Setting CVar [[r.BloomQuality:5]]
[2020.01.22-08.59.38:807][  0]LogConfig: Setting CVar [[r.FastBlurThreshold:100]]
[2020.01.22-08.59.38:807][  0]LogConfig: Setting CVar [[r.Upscale.Quality:3]]
[2020.01.22-08.59.38:807][  0]LogConfig: Setting CVar [[r.Tonemapper.GrainQuantization:1]]
[2020.01.22-08.59.38:807][  0]LogConfig: Setting CVar [[r.LightShaftQuality:1]]
[2020.01.22-08.59.38:807][  0]LogConfig: Setting CVar [[r.Filter.SizeScale:1]]
[2020.01.22-08.59.38:807][  0]LogConfig: Setting CVar [[r.Tonemapper.Quality:5]]
[2020.01.22-08.59.38:807][  0]LogConfig: Setting CVar [[r.DOF.Gather.AccumulatorQuality:1        ; higher gathering accumulator quality]]
[2020.01.22-08.59.38:807][  0]LogConfig: Setting CVar [[r.DOF.Gather.PostfilterMethod:1          ; Median3x3 postfilering method]]
[2020.01.22-08.59.38:807][  0]LogConfig: Setting CVar [[r.DOF.Gather.EnableBokehSettings:0       ; no bokeh simulation when gathering]]
[2020.01.22-08.59.38:807][  0]LogConfig: Setting CVar [[r.DOF.Gather.RingCount:4                 ; medium number of samples when gathering]]
[2020.01.22-08.59.38:807][  0]LogConfig: Setting CVar [[r.DOF.Scatter.ForegroundCompositing:1    ; additive foreground scattering]]
[2020.01.22-08.59.38:807][  0]LogConfig: Setting CVar [[r.DOF.Scatter.BackgroundCompositing:2    ; additive background scattering]]
[2020.01.22-08.59.38:807][  0]LogConfig: Setting CVar [[r.DOF.Scatter.EnableBokehSettings:1      ; bokeh simulation when scattering]]
[2020.01.22-08.59.38:807][  0]LogConfig: Setting CVar [[r.DOF.Scatter.MaxSpriteRatio:0.1         ; only a maximum of 10% of scattered bokeh]]
[2020.01.22-08.59.38:807][  0]LogConfig: Setting CVar [[r.DOF.Recombine.Quality:1                ; cheap slight out of focus]]
[2020.01.22-08.59.38:807][  0]LogConfig: Setting CVar [[r.DOF.Recombine.EnableBokehSettings:0    ; no bokeh simulation on slight out of focus]]
[2020.01.22-08.59.38:807][  0]LogConfig: Setting CVar [[r.DOF.TemporalAAQuality:1                ; more stable temporal accumulation]]
[2020.01.22-08.59.38:807][  0]LogConfig: Setting CVar [[r.DOF.Kernel.MaxForegroundRadius:0.025]]
[2020.01.22-08.59.38:807][  0]LogConfig: Setting CVar [[r.DOF.Kernel.MaxBackgroundRadius:0.025]]
[2020.01.22-08.59.38:807][  0]LogConfig: Applying CVar settings from Section [TextureQuality@3] File [C:/Users/bernat.grifol/Desktop/Proyectos_DAMVIOD/Proyecto_Unreal_DAMVIOD2/MyProject2/Saved/Config/Windows/Scalability.ini]
[2020.01.22-08.59.38:807][  0]LogConfig: Setting CVar [[r.Streaming.MipBias:0]]
[2020.01.22-08.59.38:807][  0]LogConfig: Setting CVar [[r.Streaming.AmortizeCPUToGPUCopy:0]]
[2020.01.22-08.59.38:807][  0]LogConfig: Setting CVar [[r.Streaming.MaxNumTexturesToStreamPerFrame:0]]
[2020.01.22-08.59.38:807][  0]LogConfig: Setting CVar [[r.Streaming.Boost:1]]
[2020.01.22-08.59.38:807][  0]LogConfig: Setting CVar [[r.MaxAnisotropy:8]]
[2020.01.22-08.59.38:807][  0]LogConfig: Setting CVar [[r.Streaming.LimitPoolSizeToVRAM:0]]
[2020.01.22-08.59.38:807][  0]LogConfig: Setting CVar [[r.Streaming.PoolSize:1000]]
[2020.01.22-08.59.38:807][  0]LogConfig: Setting CVar [[r.Streaming.MaxEffectiveScreenSize:0]]
[2020.01.22-08.59.38:807][  0]LogConfig: Applying CVar settings from Section [EffectsQuality@3] File [C:/Users/bernat.grifol/Desktop/Proyectos_DAMVIOD/Proyecto_Unreal_DAMVIOD2/MyProject2/Saved/Config/Windows/Scalability.ini]
[2020.01.22-08.59.38:807][  0]LogConfig: Setting CVar [[r.TranslucencyLightingVolumeDim:64]]
[2020.01.22-08.59.38:807][  0]LogConfig: Setting CVar [[r.RefractionQuality:2]]
[2020.01.22-08.59.38:807][  0]LogConfig: Setting CVar [[r.SSR.Quality:3]]
[2020.01.22-08.59.38:807][  0]LogConfig: Setting CVar [[r.SceneColorFormat:4]]
[2020.01.22-08.59.38:807][  0]LogConfig: Setting CVar [[r.DetailMode:2]]
[2020.01.22-08.59.38:807][  0]LogConfig: Setting CVar [[r.TranslucencyVolumeBlur:1]]
[2020.01.22-08.59.38:807][  0]LogConfig: Setting CVar [[r.MaterialQualityLevel:1 ; High quality]]
[2020.01.22-08.59.38:808][  0]LogConfig: Setting CVar [[r.SSS.Scale:1]]
[2020.01.22-08.59.38:808][  0]LogConfig: Setting CVar [[r.SSS.SampleSet:2]]
[2020.01.22-08.59.38:808][  0]LogConfig: Setting CVar [[r.SSS.Quality:1]]
[2020.01.22-08.59.38:808][  0]LogConfig: Setting CVar [[r.SSS.HalfRes:1]]
[2020.01.22-08.59.38:808][  0]LogConfig: Setting CVar [[r.EmitterSpawnRateScale:1.0]]
[2020.01.22-08.59.38:808][  0]LogConfig: Setting CVar [[r.ParticleLightQuality:2]]
[2020.01.22-08.59.38:808][  0]LogConfig: Applying CVar settings from Section [FoliageQuality@3] File [C:/Users/bernat.grifol/Desktop/Proyectos_DAMVIOD/Proyecto_Unreal_DAMVIOD2/MyProject2/Saved/Config/Windows/Scalability.ini]
[2020.01.22-08.59.38:808][  0]LogConfig: Setting CVar [[foliage.DensityScale:1.0]]
[2020.01.22-08.59.38:808][  0]LogConfig: Setting CVar [[grass.DensityScale:1.0]]
[2020.01.22-08.59.38:808][  0]LogInit: Selected Device Profile: [Windows]
[2020.01.22-08.59.38:808][  0]LogInit: Applying CVar settings loaded from the selected device profile: [Windows]
[2020.01.22-08.59.38:827][  0]LogHAL: Display: Platform has ~ 16 GB [17113960448 / 17179869184 / 16], which maps to Larger [LargestMinGB=32, LargerMinGB=12, DefaultMinGB=8, SmallerMinGB=6, SmallestMinGB=0)
[2020.01.22-08.59.38:827][  0]LogConfig: Setting CVar [[r.Vulkan.UseRealUBs:0		; Required until we fix HLR fall-out]]
[2020.01.22-08.59.38:827][  0]LogInit: Going up to parent DeviceProfile []
[2020.01.22-08.59.38:827][  0]LogConfig: Applying CVar settings from Section [ViewDistanceQuality@3] File [C:/Users/bernat.grifol/Desktop/Proyectos_DAMVIOD/Proyecto_Unreal_DAMVIOD2/MyProject2/Saved/Config/Windows/Scalability.ini]
[2020.01.22-08.59.38:827][  0]LogConfig: Setting CVar [[r.SkeletalMeshLODBias:0]]
[2020.01.22-08.59.38:828][  0]LogConfig: Setting CVar [[r.ViewDistanceScale:1.0]]
[2020.01.22-08.59.38:828][  0]LogConfig: Applying CVar settings from Section [AntiAliasingQuality@3] File [C:/Users/bernat.grifol/Desktop/Proyectos_DAMVIOD/Proyecto_Unreal_DAMVIOD2/MyProject2/Saved/Config/Windows/Scalability.ini]
[2020.01.22-08.59.38:828][  0]LogConfig: Setting CVar [[r.PostProcessAAQuality:4]]
[2020.01.22-08.59.38:828][  0]LogConfig: Applying CVar settings from Section [ShadowQuality@3] File [C:/Users/bernat.grifol/Desktop/Proyectos_DAMVIOD/Proyecto_Unreal_DAMVIOD2/MyProject2/Saved/Config/Windows/Scalability.ini]
[2020.01.22-08.59.38:828][  0]LogConfig: Setting CVar [[r.LightFunctionQuality:1]]
[2020.01.22-08.59.38:828][  0]LogConfig: Setting CVar [[r.ShadowQuality:5]]
[2020.01.22-08.59.38:828][  0]LogConfig: Setting CVar [[r.Shadow.CSM.MaxCascades:10]]
[2020.01.22-08.59.38:828][  0]LogConfig: Setting CVar [[r.Shadow.MaxResolution:2048]]
[2020.01.22-08.59.38:828][  0]LogConfig: Setting CVar [[r.Shadow.MaxCSMResolution:2048]]
[2020.01.22-08.59.38:828][  0]LogConfig: Setting CVar [[r.Shadow.RadiusThreshold:0.01]]
[2020.01.22-08.59.38:828][  0]LogConfig: Setting CVar [[r.Shadow.DistanceScale:1.0]]
[2020.01.22-08.59.38:828][  0]LogConfig: Setting CVar [[r.Shadow.CSM.TransitionScale:1.0]]
[2020.01.22-08.59.38:828][  0]LogConfig: Setting CVar [[r.Shadow.PreShadowResolutionFactor:1.0]]
[2020.01.22-08.59.38:828][  0]LogConfig: Setting CVar [[r.DistanceFieldShadowing:1]]
[2020.01.22-08.59.38:828][  0]LogConfig: Setting CVar [[r.DistanceFieldAO:1]]
[2020.01.22-08.59.38:828][  0]LogConfig: Setting CVar [[r.AOQuality:2]]
[2020.01.22-08.59.38:828][  0]LogConfig: Setting CVar [[r.VolumetricFog:1]]
[2020.01.22-08.59.38:828][  0]LogConfig: Setting CVar [[r.VolumetricFog.GridPixelSize:8]]
[2020.01.22-08.59.38:828][  0]LogConfig: Setting CVar [[r.VolumetricFog.GridSizeZ:128]]
[2020.01.22-08.59.38:828][  0]LogConfig: Setting CVar [[r.VolumetricFog.HistoryMissSupersampleCount:4]]
[2020.01.22-08.59.38:828][  0]LogConfig: Setting CVar [[r.LightMaxDrawDistanceScale:1]]
[2020.01.22-08.59.38:828][  0]LogConfig: Setting CVar [[r.CapsuleShadows:1]]
[2020.01.22-08.59.38:828][  0]LogConfig: Applying CVar settings from Section [PostProcessQuality@3] File [C:/Users/bernat.grifol/Desktop/Proyectos_DAMVIOD/Proyecto_Unreal_DAMVIOD2/MyProject2/Saved/Config/Windows/Scalability.ini]
[2020.01.22-08.59.38:828][  0]LogConfig: Setting CVar [[r.MotionBlurQuality:4]]
[2020.01.22-08.59.38:828][  0]LogConfig: Setting CVar [[r.AmbientOcclusionMipLevelFactor:0.4]]
[2020.01.22-08.59.38:828][  0]LogConfig: Setting CVar [[r.AmbientOcclusionMaxQuality:100]]
[2020.01.22-08.59.38:828][  0]LogConfig: Setting CVar [[r.AmbientOcclusionLevels:-1]]
[2020.01.22-08.59.38:828][  0]LogConfig: Setting CVar [[r.AmbientOcclusionRadiusScale:1.0]]
[2020.01.22-08.59.38:828][  0]LogConfig: Setting CVar [[r.DepthOfFieldQuality:2]]
[2020.01.22-08.59.38:828][  0]LogConfig: Setting CVar [[r.RenderTargetPoolMin:400]]
[2020.01.22-08.59.38:828][  0]LogConfig: Setting CVar [[r.LensFlareQuality:2]]
[2020.01.22-08.59.38:828][  0]LogConfig: Setting CVar [[r.SceneColorFringeQuality:1]]
[2020.01.22-08.59.38:828][  0]LogConfig: Setting CVar [[r.EyeAdaptationQuality:2]]
[2020.01.22-08.59.38:828][  0]LogConfig: Setting CVar [[r.BloomQuality:5]]
[2020.01.22-08.59.38:828][  0]LogConfig: Setting CVar [[r.FastBlurThreshold:100]]
[2020.01.22-08.59.38:828][  0]LogConfig: Setting CVar [[r.Upscale.Quality:3]]
[2020.01.22-08.59.38:828][  0]LogConfig: Setting CVar [[r.Tonemapper.GrainQuantization:1]]
[2020.01.22-08.59.38:828][  0]LogConfig: Setting CVar [[r.LightShaftQuality:1]]
[2020.01.22-08.59.38:828][  0]LogConfig: Setting CVar [[r.Filter.SizeScale:1]]
[2020.01.22-08.59.38:828][  0]LogConfig: Setting CVar [[r.Tonemapper.Quality:5]]
[2020.01.22-08.59.38:828][  0]LogConfig: Setting CVar [[r.DOF.Gather.AccumulatorQuality:1        ; higher gathering accumulator quality]]
[2020.01.22-08.59.38:828][  0]LogConfig: Setting CVar [[r.DOF.Gather.PostfilterMethod:1          ; Median3x3 postfilering method]]
[2020.01.22-08.59.38:828][  0]LogConfig: Setting CVar [[r.DOF.Gather.EnableBokehSettings:0       ; no bokeh simulation when gathering]]
[2020.01.22-08.59.38:828][  0]LogConfig: Setting CVar [[r.DOF.Gather.RingCount:4                 ; medium number of samples when gathering]]
[2020.01.22-08.59.38:828][  0]LogConfig: Setting CVar [[r.DOF.Scatter.ForegroundCompositing:1    ; additive foreground scattering]]
[2020.01.22-08.59.38:828][  0]LogConfig: Setting CVar [[r.DOF.Scatter.BackgroundCompositing:2    ; additive background scattering]]
[2020.01.22-08.59.38:828][  0]LogConfig: Setting CVar [[r.DOF.Scatter.EnableBokehSettings:1      ; bokeh simulation when scattering]]
[2020.01.22-08.59.38:828][  0]LogConfig: Setting CVar [[r.DOF.Scatter.MaxSpriteRatio:0.1         ; only a maximum of 10% of scattered bokeh]]
[2020.01.22-08.59.38:828][  0]LogConfig: Setting CVar [[r.DOF.Recombine.Quality:1                ; cheap slight out of focus]]
[2020.01.22-08.59.38:828][  0]LogConfig: Setting CVar [[r.DOF.Recombine.EnableBokehSettings:0    ; no bokeh simulation on slight out of focus]]
[2020.01.22-08.59.38:828][  0]LogConfig: Setting CVar [[r.DOF.TemporalAAQuality:1                ; more stable temporal accumulation]]
[2020.01.22-08.59.38:828][  0]LogConfig: Setting CVar [[r.DOF.Kernel.MaxForegroundRadius:0.025]]
[2020.01.22-08.59.38:828][  0]LogConfig: Setting CVar [[r.DOF.Kernel.MaxBackgroundRadius:0.025]]
[2020.01.22-08.59.38:828][  0]LogConfig: Applying CVar settings from Section [TextureQuality@3] File [C:/Users/bernat.grifol/Desktop/Proyectos_DAMVIOD/Proyecto_Unreal_DAMVIOD2/MyProject2/Saved/Config/Windows/Scalability.ini]
[2020.01.22-08.59.38:828][  0]LogConfig: Setting CVar [[r.Streaming.MipBias:0]]
[2020.01.22-08.59.38:828][  0]LogConfig: Setting CVar [[r.Streaming.AmortizeCPUToGPUCopy:0]]
[2020.01.22-08.59.38:828][  0]LogConfig: Setting CVar [[r.Streaming.MaxNumTexturesToStreamPerFrame:0]]
[2020.01.22-08.59.38:828][  0]LogConfig: Setting CVar [[r.Streaming.Boost:1]]
[2020.01.22-08.59.38:828][  0]LogConfig: Setting CVar [[r.MaxAnisotropy:8]]
[2020.01.22-08.59.38:828][  0]LogConfig: Setting CVar [[r.Streaming.LimitPoolSizeToVRAM:0]]
[2020.01.22-08.59.38:828][  0]LogConfig: Setting CVar [[r.Streaming.PoolSize:1000]]
[2020.01.22-08.59.38:828][  0]LogConfig: Setting CVar [[r.Streaming.MaxEffectiveScreenSize:0]]
[2020.01.22-08.59.38:828][  0]LogConfig: Applying CVar settings from Section [EffectsQuality@3] File [C:/Users/bernat.grifol/Desktop/Proyectos_DAMVIOD/Proyecto_Unreal_DAMVIOD2/MyProject2/Saved/Config/Windows/Scalability.ini]
[2020.01.22-08.59.38:828][  0]LogConfig: Setting CVar [[r.TranslucencyLightingVolumeDim:64]]
[2020.01.22-08.59.38:828][  0]LogConfig: Setting CVar [[r.RefractionQuality:2]]
[2020.01.22-08.59.38:828][  0]LogConfig: Setting CVar [[r.SSR.Quality:3]]
[2020.01.22-08.59.38:828][  0]LogConfig: Setting CVar [[r.SceneColorFormat:4]]
[2020.01.22-08.59.38:828][  0]LogConfig: Setting CVar [[r.DetailMode:2]]
[2020.01.22-08.59.38:828][  0]LogConfig: Setting CVar [[r.TranslucencyVolumeBlur:1]]
[2020.01.22-08.59.38:828][  0]LogConfig: Setting CVar [[r.MaterialQualityLevel:1 ; High quality]]
[2020.01.22-08.59.38:828][  0]LogConfig: Setting CVar [[r.SSS.Scale:1]]
[2020.01.22-08.59.38:828][  0]LogConfig: Setting CVar [[r.SSS.SampleSet:2]]
[2020.01.22-08.59.38:828][  0]LogConfig: Setting CVar [[r.SSS.Quality:1]]
[2020.01.22-08.59.38:828][  0]LogConfig: Setting CVar [[r.SSS.HalfRes:1]]
[2020.01.22-08.59.38:829][  0]LogConfig: Setting CVar [[r.EmitterSpawnRateScale:1.0]]
[2020.01.22-08.59.38:829][  0]LogConfig: Setting CVar [[r.ParticleLightQuality:2]]
[2020.01.22-08.59.38:829][  0]LogConfig: Applying CVar settings from Section [FoliageQuality@3] File [C:/Users/bernat.grifol/Desktop/Proyectos_DAMVIOD/Proyecto_Unreal_DAMVIOD2/MyProject2/Saved/Config/Windows/Scalability.ini]
[2020.01.22-08.59.38:829][  0]LogConfig: Setting CVar [[foliage.DensityScale:1.0]]
[2020.01.22-08.59.38:829][  0]LogConfig: Setting CVar [[grass.DensityScale:1.0]]
[2020.01.22-08.59.38:829][  0]LogConfig: Applying CVar settings from Section [Startup] File [../../../Engine/Config/ConsoleVariables.ini]
[2020.01.22-08.59.38:829][  0]LogConfig: Setting CVar [[net.UseAdaptiveNetUpdateFrequency:0]]
[2020.01.22-08.59.38:829][  0]LogConfig: Setting CVar [[p.chaos.AllowCreatePhysxBodies:1]]
[2020.01.22-08.59.38:829][  0]LogConfig: Applying CVar settings from Section [ConsoleVariables] File [C:/Users/bernat.grifol/Desktop/Proyectos_DAMVIOD/Proyecto_Unreal_DAMVIOD2/MyProject2/Saved/Config/Windows/Engine.ini]
[2020.01.22-08.59.38:829][  0]LogInit: Computer: S2-18
[2020.01.22-08.59.38:829][  0]LogInit: User: bernatgrifol
[2020.01.22-08.59.38:829][  0]LogInit: CPU Page size=4096, Cores=6
[2020.01.22-08.59.38:829][  0]LogInit: High frequency timer resolution =10.000000 MHz
[2020.01.22-08.59.38:829][  0]LogMemory: Memory total: Physical=15.9GB (16GB approx)
[2020.01.22-08.59.38:829][  0]LogMemory: Platform Memory Stats for Windows
[2020.01.22-08.59.38:829][  0]LogMemory: Process Physical Memory: 98.14 MB used, 98.14 MB peak
[2020.01.22-08.59.38:829][  0]LogMemory: Process Virtual Memory: 89.81 MB used, 89.81 MB peak
[2020.01.22-08.59.38:830][  0]LogMemory: Physical Memory: 5809.64 MB used,  10511.50 MB free, 16321.14 MB total
[2020.01.22-08.59.38:830][  0]LogMemory: Virtual Memory: 4674.64 MB used,  134213056.00 MB free, 134217728.00 MB total
[2020.01.22-08.59.38:859][  0]LogInit: Using OS detected language (en-US).
[2020.01.22-08.59.38:860][  0]LogInit: Using OS detected locale (es-ES).
[2020.01.22-08.59.38:861][  0]LogTextLocalizationManager: No specific localization for 'en-US' exists, so the 'en' localization will be used.
[2020.01.22-08.59.39:023][  0]LogInit: Setting process to per monitor DPI aware
[2020.01.22-08.59.39:044][  0]LogSlate: New Slate User Created.  User Index 0, Is Virtual User: 0
[2020.01.22-08.59.39:044][  0]LogSlate: Slate User Registered.  User Index 0, Is Virtual User: 0
[2020.01.22-08.59.39:388][  0]LogHMD: Failed to initialize OpenVR with code 110
[2020.01.22-08.59.39:388][  0]LogD3D11RHI: D3D11 adapters:
[2020.01.22-08.59.39:465][  0]LogD3D11RHI:    0. 'NVIDIA GeForce GTX 1060 3GB' (Feature Level 11_0)
[2020.01.22-08.59.39:465][  0]LogD3D11RHI:       2988/0/8160 MB DedicatedVideo/DedicatedSystem/SharedSystem, Outputs:1, VendorId:0x10de
[2020.01.22-08.59.39:468][  0]LogD3D11RHI:    1. 'Microsoft Basic Render Driver' (Feature Level 11_0)
[2020.01.22-08.59.39:468][  0]LogD3D11RHI:       0/0/8160 MB DedicatedVideo/DedicatedSystem/SharedSystem, Outputs:0, VendorId:0x1414
[2020.01.22-08.59.39:468][  0]LogD3D11RHI: Chosen D3D11 Adapter: 0
[2020.01.22-08.59.39:475][  0]LogD3D11RHI: Creating new Direct3DDevice
[2020.01.22-08.59.39:475][  0]LogD3D11RHI:     GPU DeviceId: 0x1c02 (for the marketing name, search the web for "GPU Device Id")
[2020.01.22-08.59.39:475][  0]LogWindows: EnumDisplayDevices:
[2020.01.22-08.59.39:475][  0]LogWindows:    0. 'NVIDIA GeForce GTX 1060 3GB' (P:1 D:1)
[2020.01.22-08.59.39:475][  0]LogWindows:    1. 'NVIDIA GeForce GTX 1060 3GB' (P:0 D:0)
[2020.01.22-08.59.39:475][  0]LogWindows:    2. 'NVIDIA GeForce GTX 1060 3GB' (P:0 D:0)
[2020.01.22-08.59.39:475][  0]LogWindows:    3. 'NVIDIA GeForce GTX 1060 3GB' (P:0 D:0)
[2020.01.22-08.59.39:476][  0]LogWindows: DebugString: FoundDriverCount:4 
[2020.01.22-08.59.39:476][  0]LogD3D11RHI:     Adapter Name: NVIDIA GeForce GTX 1060 3GB
[2020.01.22-08.59.39:476][  0]LogD3D11RHI:   Driver Version: 399.24 (internal:24.21.13.9924, unified:399.24)
[2020.01.22-08.59.39:476][  0]LogD3D11RHI:      Driver Date: 9-5-2018
[2020.01.22-08.59.39:476][  0]LogRHI: Texture pool is 2091 MB (70% of 2988 MB)
[2020.01.22-08.59.39:532][  0]LogD3D11RHI: Async texture creation enabled
[2020.01.22-08.59.39:536][  0]LogRendererCore: FGlobalReadBuffer::InitRHI
[2020.01.22-08.59.39:536][  0]LogRendererCore: FGlobalReadBuffer::InitRHI
[2020.01.22-08.59.39:536][  0]LogRendererCore: FGlobalReadBuffer::InitRHI
[2020.01.22-08.59.39:550][  0]LogD3D11RHI: GPU Timing Frequency: 1000.000000 (Debug: 2 2)
[2020.01.22-08.59.39:921][  0]LogTemp: Display: Module 'AllDesktopTargetPlatform' loaded TargetPlatform 'AllDesktop'
[2020.01.22-08.59.39:941][  0]LogTemp: Display: Module 'MacClientTargetPlatform' loaded TargetPlatform 'MacClient'
[2020.01.22-08.59.39:962][  0]LogTemp: Display: Module 'MacNoEditorTargetPlatform' loaded TargetPlatform 'MacNoEditor'
[2020.01.22-08.59.39:982][  0]LogTemp: Display: Module 'MacServerTargetPlatform' loaded TargetPlatform 'MacServer'
[2020.01.22-08.59.40:003][  0]LogTemp: Display: Module 'MacTargetPlatform' loaded TargetPlatform 'Mac'
[2020.01.22-08.59.40:023][  0]LogTemp: Display: Module 'WindowsClientTargetPlatform' loaded TargetPlatform 'WindowsClient'
[2020.01.22-08.59.40:044][  0]LogTemp: Display: Module 'WindowsNoEditorTargetPlatform' loaded TargetPlatform 'WindowsNoEditor'
[2020.01.22-08.59.40:064][  0]LogTemp: Display: Module 'WindowsServerTargetPlatform' loaded TargetPlatform 'WindowsServer'
[2020.01.22-08.59.40:075][  0]LogTemp: Display: Module 'WindowsTargetPlatform' loaded TargetPlatform 'Windows'
[2020.01.22-08.59.40:207][  0]LogTemp: Display: Module 'AndroidTargetPlatform' loaded TargetPlatform 'Android'
[2020.01.22-08.59.40:207][  0]LogTemp: Display: Module 'AndroidTargetPlatform' loaded TargetPlatform 'Android_ASTC'
[2020.01.22-08.59.40:207][  0]LogTemp: Display: Module 'AndroidTargetPlatform' loaded TargetPlatform 'Android_ATC'
[2020.01.22-08.59.40:207][  0]LogTemp: Display: Module 'AndroidTargetPlatform' loaded TargetPlatform 'Android_DXT'
[2020.01.22-08.59.40:207][  0]LogTemp: Display: Module 'AndroidTargetPlatform' loaded TargetPlatform 'Android_ETC1'
[2020.01.22-08.59.40:207][  0]LogTemp: Display: Module 'AndroidTargetPlatform' loaded TargetPlatform 'Android_ETC1a'
[2020.01.22-08.59.40:207][  0]LogTemp: Display: Module 'AndroidTargetPlatform' loaded TargetPlatform 'Android_ETC2'
[2020.01.22-08.59.40:207][  0]LogTemp: Display: Module 'AndroidTargetPlatform' loaded TargetPlatform 'Android_PVRTC'
[2020.01.22-08.59.40:207][  0]LogTemp: Display: Module 'AndroidTargetPlatform' loaded TargetPlatform 'AndroidClient'
[2020.01.22-08.59.40:207][  0]LogTemp: Display: Module 'AndroidTargetPlatform' loaded TargetPlatform 'Android_ASTCClient'
[2020.01.22-08.59.40:207][  0]LogTemp: Display: Module 'AndroidTargetPlatform' loaded TargetPlatform 'Android_ATCClient'
[2020.01.22-08.59.40:207][  0]LogTemp: Display: Module 'AndroidTargetPlatform' loaded TargetPlatform 'Android_DXTClient'
[2020.01.22-08.59.40:207][  0]LogTemp: Display: Module 'AndroidTargetPlatform' loaded TargetPlatform 'Android_ETC1Client'
[2020.01.22-08.59.40:207][  0]LogTemp: Display: Module 'AndroidTargetPlatform' loaded TargetPlatform 'Android_ETC1aClient'
[2020.01.22-08.59.40:207][  0]LogTemp: Display: Module 'AndroidTargetPlatform' loaded TargetPlatform 'Android_ETC2Client'
[2020.01.22-08.59.40:207][  0]LogTemp: Display: Module 'AndroidTargetPlatform' loaded TargetPlatform 'Android_PVRTCClient'
[2020.01.22-08.59.40:207][  0]LogTemp: Display: Module 'AndroidTargetPlatform' loaded TargetPlatform 'Android_Multi'
[2020.01.22-08.59.40:207][  0]LogTemp: Display: Module 'AndroidTargetPlatform' loaded TargetPlatform 'Android_MultiClient'
[2020.01.22-08.59.40:212][  0]LogTemp: Display: Module 'HTML5TargetPlatform' loaded TargetPlatform 'HTML5'
[2020.01.22-08.59.40:276][  0]LogTemp: Display: Module 'IOSTargetPlatform' loaded TargetPlatform 'IOSClient'
[2020.01.22-08.59.40:276][  0]LogTemp: Display: Module 'IOSTargetPlatform' loaded TargetPlatform 'IOS'
[2020.01.22-08.59.40:314][  0]LogTemp: Display: Module 'TVOSTargetPlatform' loaded TargetPlatform 'TVOSClient'
[2020.01.22-08.59.40:314][  0]LogTemp: Display: Module 'TVOSTargetPlatform' loaded TargetPlatform 'TVOS'
[2020.01.22-08.59.40:334][  0]LogTemp: Display: Module 'LinuxClientTargetPlatform' loaded TargetPlatform 'LinuxClient'
[2020.01.22-08.59.40:353][  0]LogTemp: Display: Module 'LinuxNoEditorTargetPlatform' loaded TargetPlatform 'LinuxNoEditor'
[2020.01.22-08.59.40:372][  0]LogTemp: Display: Module 'LinuxServerTargetPlatform' loaded TargetPlatform 'LinuxServer'
[2020.01.22-08.59.40:393][  0]LogTemp: Display: Module 'LinuxTargetPlatform' loaded TargetPlatform 'Linux'
[2020.01.22-08.59.40:463][  0]LogTemp: Display: Module 'LuminTargetPlatform' loaded TargetPlatform 'Lumin'
[2020.01.22-08.59.40:463][  0]LogTemp: Display: Module 'LuminTargetPlatform' loaded TargetPlatform 'LuminClient'
[2020.01.22-08.59.40:464][  0]LogTargetPlatformManager: Display: Building Assets For Windows
[2020.01.22-08.59.40:477][  0]LogAudioDebug: Display: Lib vorbis DLL was dynamically loaded.
[2020.01.22-08.59.40:573][  0]LogShaderCompilers: Guid format shader working directory is -46 characters bigger than the processId version (../../../../../../Users/bernat.grifol/Desktop/Proyectos_DAMVIOD/Proyecto_Unreal_DAMVIOD2/MyProject2/Intermediate/Shaders/WorkingDirectory/12532/).
[2020.01.22-08.59.40:573][  0]LogShaderCompilers: Cleaned the shader compiler working directory 'C:/Users/bernat.grifol/AppData/Local/Temp/UnrealShaderWorkingDir/2E11E9154AF64E031ADC35AAAD75835F/'.
[2020.01.22-08.59.40:577][  0]LogXGEController: Cannot use XGE Controller as Incredibuild is not installed on this machine.
[2020.01.22-08.59.40:577][  0]LogShaderCompilers: Cannot use XGE Shader Compiler as Incredibuild is not installed on this machine.
[2020.01.22-08.59.40:577][  0]LogShaderCompilers: Display: Using Local Shader Compiler.
[2020.01.22-08.59.41:225][  0]LogDerivedDataCache: Display: Max Cache Size: 512 MB
[2020.01.22-08.59.41:270][  0]LogDerivedDataCache: Loaded boot cache 0.04s 72MB C:/Users/bernat.grifol/AppData/Local/UnrealEngine/4.22/DerivedDataCache/Boot.ddc.
[2020.01.22-08.59.41:271][  0]LogDerivedDataCache: Display: Loaded Boot cache: C:/Users/bernat.grifol/AppData/Local/UnrealEngine/4.22/DerivedDataCache/Boot.ddc
[2020.01.22-08.59.41:271][  0]LogDerivedDataCache: FDerivedDataBackendGraph:  Pak pak cache file ../../../../../../Users/bernat.grifol/Desktop/Proyectos_DAMVIOD/Proyecto_Unreal_DAMVIOD2/MyProject2/DerivedDataCache/DDC.ddp not found, will not use a pak cache.
[2020.01.22-08.59.41:271][  0]LogDerivedDataCache: Unable to find inner node Pak for hierarchical cache Hierarchy.
[2020.01.22-08.59.41:271][  0]LogDerivedDataCache: FDerivedDataBackendGraph:  CompressedPak pak cache file ../../../../../../Users/bernat.grifol/Desktop/Proyectos_DAMVIOD/Proyecto_Unreal_DAMVIOD2/MyProject2/DerivedDataCache/Compressed.ddp not found, will not use a pak cache.
[2020.01.22-08.59.41:271][  0]LogDerivedDataCache: Unable to find inner node CompressedPak for hierarchical cache Hierarchy.
[2020.01.22-08.59.41:286][  0]LogDerivedDataCache: Display: Pak cache opened for reading ../../../Engine/DerivedDataCache/Compressed.ddp.
[2020.01.22-08.59.41:291][  0]LogDerivedDataCache: Display: Pak cache opened for reading ../../../Enterprise/DerivedDataCache/Compressed.ddp.
[2020.01.22-08.59.41:304][  0]LogDerivedDataCache: Using Local data cache path C:/Users/bernat.grifol/AppData/Local/UnrealEngine/Common/DerivedDataCache: Writable
[2020.01.22-08.59.41:304][  0]LogDerivedDataCache: Shared data cache path not found in *engine.ini, will not use an Shared cache.
[2020.01.22-08.59.41:304][  0]LogDerivedDataCache: Unable to find inner node Shared for hierarchical cache Hierarchy.
[2020.01.22-08.59.41:335][  0]LogMaterial: Verifying Global Shaders for PCD3D_SM5
[2020.01.22-08.59.41:337][  0]LogSlate: Using FreeType 2.6.0
[2020.01.22-08.59.41:338][  0]LogSlate: SlateFontServices - WITH_FREETYPE: 1, WITH_HARFBUZZ: 1
[2020.01.22-08.59.41:464][  0]LogAssetRegistry: FAssetRegistry took 0.0398 seconds to start up
[2020.01.22-08.59.41:994][  0]LogInit: Selected Device Profile: [Windows]
[2020.01.22-08.59.42:172][  0]LogMeshReduction: Using QuadricMeshReduction for automatic static mesh reduction
[2020.01.22-08.59.42:172][  0]LogMeshReduction: Using SimplygonMeshReduction for automatic skeletal mesh reduction
[2020.01.22-08.59.42:172][  0]LogMeshReduction: Using ProxyLODMeshReduction for automatic mesh merging
[2020.01.22-08.59.42:172][  0]LogMeshReduction: No distributed automatic mesh merging module available
[2020.01.22-08.59.42:172][  0]LogMeshMerging: No distributed automatic mesh merging module available
[2020.01.22-08.59.42:185][  0]LogNetVersion: MyProject2 1.0.0, NetCL: 5660361, EngineNetVer: 10, GameNetVer: 0 (Checksum: 4139302413)
[2020.01.22-08.59.42:727][  0]LogPackageLocalizationCache: Processed 10 localized package path(s) for 1 prioritized culture(s) in 0.060634 seconds
[2020.01.22-08.59.42:735][  0]LogUObjectArray: 42205 objects as part of root set at end of initial load.
[2020.01.22-08.59.42:735][  0]LogUObjectAllocator: 7325032 out of 0 bytes used by permanent object pool.
[2020.01.22-08.59.42:735][  0]LogUObjectArray: CloseDisregardForGC: 0/0 objects in disregard for GC pool
[2020.01.22-08.59.43:910][  0]LogTcpMessaging: Initializing TcpMessaging bridge
[2020.01.22-08.59.43:924][  0]LogUdpMessaging: Initializing bridge on interface 0.0.0.0:0 to multicast group 230.0.0.1:6666.
[2020.01.22-08.59.44:053][  0]SourceControl: Source control is disabled
[2020.01.22-08.59.44:053][  0]SourceControl: Source control is disabled
[2020.01.22-08.59.44:055][  0]SourceControl: Source control is disabled
[2020.01.22-08.59.44:056][  0]SourceControl: Source control is disabled
[2020.01.22-08.59.44:203][  0]LogAndroidPermission: UAndroidPermissionCallbackProxy::GetInstance
[2020.01.22-08.59.44:307][  0]LogOcInput: OculusInput pre-init called
[2020.01.22-08.59.45:335][  0]LogEngine: Initializing Engine...
[2020.01.22-08.59.45:337][  0]LogHMD: Failed to initialize OpenVR with code 110
[2020.01.22-08.59.45:338][  0]LogStats: UGameplayTagsManager::InitializeManager -  0.000 s
[2020.01.22-08.59.45:583][  0]LogInit: Initializing FReadOnlyCVARCache
[2020.01.22-08.59.45:599][  0]LogAIModule: Creating AISystem for world Untitled
[2020.01.22-08.59.45:615][  0]LogInit: XAudio2 using 'ASUS VP228 (NVIDIA High Definition Audio)' : 2 channels at 48 kHz using 16 bits per sample (channel mask 0x3)
[2020.01.22-08.59.45:634][  0]LogInit: FAudioDevice initialized.
[2020.01.22-08.59.45:635][  0]LogNetVersion: Set ProjectVersion to 1.0.0.0. Version Checksum will be recalculated on next use.
[2020.01.22-08.59.45:747][  0]LogDerivedDataCache: Saved boot cache 0.11s 71MB C:/Users/bernat.grifol/AppData/Local/UnrealEngine/4.22/DerivedDataCache/Boot.ddc.
[2020.01.22-08.59.45:752][  0]LogInit: Texture streaming: Enabled
[2020.01.22-08.59.45:775][  0]LogEngineSessionManager: EngineSessionManager initialized
[2020.01.22-08.59.45:799][  0]LogInit: Transaction tracking system initialized
[2020.01.22-08.59.45:830][  0]BlueprintLog: New page: Editor Load
[2020.01.22-08.59.45:941][  0]LocalizationService: Localization service is disabled
[2020.01.22-08.59.46:082][  0]LogLinker: Warning: Can't find file '/Game/ThirdPersonBP/ThirdPersonOverview'
[2020.01.22-08.59.46:083][  0]LogLinker: Warning: Can't find file '/Game/ThirdPersonBP/ThirdPersonOverview'
[2020.01.22-08.59.46:083][  0]LogUObjectGlobals: Warning: Failed to find object 'Class /Game/ThirdPersonBP/ThirdPersonOverview.ThirdPersonOverview_C'
[2020.01.22-08.59.46:411][  0]LogFileCache: Scanning file cache for directory 'C:/Users/bernat.grifol/Desktop/Proyectos_DAMVIOD/Proyecto_Unreal_DAMVIOD2/MyProject2/Content/' took 0.02s
[2020.01.22-08.59.46:411][  0]LogCook: Display: Max memory allowance for cook 16384mb min free memory 0mb
[2020.01.22-08.59.46:411][  0]LogCook: Display: Mobile HDR setting 1
[2020.01.22-08.59.46:681][  0]SourceControl: Source control is disabled
[2020.01.22-08.59.46:769][  0]LogSlate: Took 0.000323 seconds to synchronously load lazily loaded font '../../../Engine/Content/Slate/Fonts/Roboto-Regular.ttf' (155K)
[2020.01.22-09.00.15:497][  0]LogSlate: Window 'Restore Packages' being destroyed
[2020.01.22-09.00.15:497][  0]LogWindowsTextInputMethodSystem: Display: IME system now deactivated.
[2020.01.22-09.00.15:507][  0]LogWindowsTextInputMethodSystem: Display: IME system now deactivated.
[2020.01.22-09.00.17:915][  0]LogSlate: Window 'Unable to Check Out From Source Control!' being destroyed
[2020.01.22-09.00.17:915][  0]LogWindowsTextInputMethodSystem: Display: IME system now deactivated.
[2020.01.22-09.00.17:966][  0]LogWindowsTextInputMethodSystem: Display: IME system now deactivated.
[2020.01.22-09.00.17:968][  0]LightingResults: New page: Lighting Build
[2020.01.22-09.00.17:972][  0]MapCheck: New page: Map Check
[2020.01.22-09.00.17:972][  0]LightingResults: New page: Lighting Build
[2020.01.22-09.00.18:010][  0]LogUObjectHash: Compacting FUObjectHashTables data took   1.91ms
[2020.01.22-09.00.18:194][  0]LogAIModule: Creating AISystem for world Minimal_Default
[2020.01.22-09.00.18:200][  0]LogEditorServer: Finished looking for orphan Actors (0.000 secs)
[2020.01.22-09.00.18:240][  0]LogUObjectHash: Compacting FUObjectHashTables data took   2.30ms
[2020.01.22-09.00.18:240][  0]Cmd: MAP CHECKDEP NOCLEARLOG
[2020.01.22-09.00.18:241][  0]MapCheck: Map check complete: 0 Error(s), 0 Warning(s), took 0,506ms to complete.
[2020.01.22-09.00.18:241][  0]LogFileHelpers: Loading map 'Minimal_Default' took 0.274
[2020.01.22-09.00.18:309][  0]LogSlate: Updating window title bar state: overlay mode, drag disabled, window buttons hidden, title bar hidden
[2020.01.22-09.00.18:320][  0]LogSlate: Updating window title bar state: overlay mode, drag disabled, window buttons hidden, title bar hidden
[2020.01.22-09.00.18:328][  0]LogSlate: Updating window title bar state: overlay mode, drag disabled, window buttons hidden, title bar hidden
[2020.01.22-09.00.18:336][  0]LogSlate: Updating window title bar state: overlay mode, drag disabled, window buttons hidden, title bar hidden
[2020.01.22-09.00.18:344][  0]LogCollectionManager: Loaded 0 collections in 0.002044 seconds
[2020.01.22-09.00.18:388][  0]LogFileCache: Scanning file cache for directory 'C:/Users/bernat.grifol/Desktop/Proyectos_DAMVIOD/Proyecto_Unreal_DAMVIOD2/MyProject2/Saved/Collections/' took 0.01s
[2020.01.22-09.00.18:388][  0]LogFileCache: Scanning file cache for directory 'C:/Users/bernat.grifol/Desktop/Proyectos_DAMVIOD/Proyecto_Unreal_DAMVIOD2/MyProject2/Content/Developers/bernatgrifol/Collections/' took 0.01s
[2020.01.22-09.00.18:388][  0]LogFileCache: Scanning file cache for directory 'C:/Users/bernat.grifol/Desktop/Proyectos_DAMVIOD/Proyecto_Unreal_DAMVIOD2/MyProject2/Content/Collections/' took 0.01s
[2020.01.22-09.00.18:388][  0]LogCollectionManager: Rebuilt the GUID cache for 0 collections in 0.000000 seconds
[2020.01.22-09.00.18:399][  0]LogContentBrowser: Native class hierarchy populated in 0.0111 seconds. Added 2732 classes and 659 folders.
[2020.01.22-09.00.18:408][  0]LogContentBrowser: Native class hierarchy updated for 'WidgetCarousel' in 0.0004 seconds. Added 0 classes and 0 folders.
[2020.01.22-09.00.18:410][  0]LogPakFile: Registered encryption key '00000000000000000000000000000000': 0 pak files mounted, 0 remain pending
[2020.01.22-09.00.18:412][  0]LogPakFile: Registered encryption key '00000000000000000000000000000000': 0 pak files mounted, 0 remain pending
[2020.01.22-09.00.18:413][  0]LogPakFile: Registered encryption key '00000000000000000000000000000000': 0 pak files mounted, 0 remain pending
[2020.01.22-09.00.18:414][  0]LogPakFile: Registered encryption key '00000000000000000000000000000000': 0 pak files mounted, 0 remain pending
[2020.01.22-09.00.18:416][  0]LogPakFile: Registered encryption key '00000000000000000000000000000000': 0 pak files mounted, 0 remain pending
[2020.01.22-09.00.18:417][  0]LogPakFile: Registered encryption key '00000000000000000000000000000000': 0 pak files mounted, 0 remain pending
[2020.01.22-09.00.18:418][  0]LogPakFile: Registered encryption key '00000000000000000000000000000000': 0 pak files mounted, 0 remain pending
[2020.01.22-09.00.18:419][  0]LogPakFile: Registered encryption key '00000000000000000000000000000000': 0 pak files mounted, 0 remain pending
[2020.01.22-09.00.18:420][  0]LogPakFile: Registered encryption key '00000000000000000000000000000000': 0 pak files mounted, 0 remain pending
[2020.01.22-09.00.18:421][  0]LogPakFile: Registered encryption key '00000000000000000000000000000000': 0 pak files mounted, 0 remain pending
[2020.01.22-09.00.18:422][  0]LogPakFile: Registered encryption key '00000000000000000000000000000000': 0 pak files mounted, 0 remain pending
[2020.01.22-09.00.18:423][  0]LogPakFile: Registered encryption key '00000000000000000000000000000000': 0 pak files mounted, 0 remain pending
[2020.01.22-09.00.18:424][  0]LogPakFile: Registered encryption key '00000000000000000000000000000000': 0 pak files mounted, 0 remain pending
[2020.01.22-09.00.18:426][  0]LogPakFile: Registered encryption key '00000000000000000000000000000000': 0 pak files mounted, 0 remain pending
[2020.01.22-09.00.18:427][  0]LogPakFile: Registered encryption key '00000000000000000000000000000000': 0 pak files mounted, 0 remain pending
[2020.01.22-09.00.18:428][  0]LogPakFile: Registered encryption key '00000000000000000000000000000000': 0 pak files mounted, 0 remain pending
[2020.01.22-09.00.18:429][  0]LogPakFile: Registered encryption key '00000000000000000000000000000000': 0 pak files mounted, 0 remain pending
[2020.01.22-09.00.18:430][  0]LogPakFile: Registered encryption key '00000000000000000000000000000000': 0 pak files mounted, 0 remain pending
[2020.01.22-09.00.18:431][  0]LogPakFile: Registered encryption key '00000000000000000000000000000000': 0 pak files mounted, 0 remain pending
[2020.01.22-09.00.18:432][  0]LogPakFile: Registered encryption key '00000000000000000000000000000000': 0 pak files mounted, 0 remain pending
[2020.01.22-09.00.18:433][  0]LogPakFile: Registered encryption key '00000000000000000000000000000000': 0 pak files mounted, 0 remain pending
[2020.01.22-09.00.18:434][  0]LogPakFile: Registered encryption key '00000000000000000000000000000000': 0 pak files mounted, 0 remain pending
[2020.01.22-09.00.18:436][  0]LogPakFile: Registered encryption key '00000000000000000000000000000000': 0 pak files mounted, 0 remain pending
[2020.01.22-09.00.18:437][  0]LogPakFile: Registered encryption key '00000000000000000000000000000000': 0 pak files mounted, 0 remain pending
[2020.01.22-09.00.18:438][  0]LogPakFile: Registered encryption key '00000000000000000000000000000000': 0 pak files mounted, 0 remain pending
[2020.01.22-09.00.18:439][  0]LogPakFile: Registered encryption key '00000000000000000000000000000000': 0 pak files mounted, 0 remain pending
[2020.01.22-09.00.18:440][  0]LogPakFile: Registered encryption key '00000000000000000000000000000000': 0 pak files mounted, 0 remain pending
[2020.01.22-09.00.18:441][  0]LogPakFile: Registered encryption key '00000000000000000000000000000000': 0 pak files mounted, 0 remain pending
[2020.01.22-09.00.18:522][  0]LogContentBrowser: Native class hierarchy updated for 'AddContentDialog' in 0.0004 seconds. Added 0 classes and 0 folders.
[2020.01.22-09.00.18:529][  0]LogContentBrowser: Native class hierarchy updated for 'SceneOutliner' in 0.0004 seconds. Added 1 classes and 2 folders.
[2020.01.22-09.00.18:605][  0]LogSlate: Took 0.000381 seconds to synchronously load lazily loaded font '../../../Engine/Content/Slate/Fonts/Roboto-Bold.ttf' (160K)
[2020.01.22-09.00.18:610][  0]LogSlate: Took 0.000250 seconds to synchronously load lazily loaded font '../../../Engine/Content/Editor/Slate/Fonts/FontAwesome.ttf' (139K)
[2020.01.22-09.00.18:658][  0]LogRenderer: Reallocating scene render targets to support 1208x572 Format 10 NumSamples 1 (Frame:1).
[2020.01.22-09.00.18:712][  0]LogSlate: Took 0.000233 seconds to synchronously load lazily loaded font '../../../Engine/Content/Slate/Fonts/Roboto-Light.ttf' (167K)
[2020.01.22-09.00.18:800][  0]LogContentBrowser: Native class hierarchy updated for 'HierarchicalLODOutliner' in 0.0005 seconds. Added 0 classes and 0 folders.
[2020.01.22-09.00.18:800][  0]LogLoad: (Engine Initialization) Total time: 43.47 seconds
[2020.01.22-09.00.18:800][  0]LogLoad: (Engine Initialization) Total Blueprint compile time: 0.00 seconds
[2020.01.22-09.00.18:861][  0]LogAssetRegistry: Asset discovery search completed in 37.4191 seconds
[2020.01.22-09.00.18:863][  0]LogCollectionManager: Rebuilt the object cache for 0 collections in 0.000001 seconds (found 0 objects)
[2020.01.22-09.00.18:863][  0]LogCollectionManager: Fixed up redirectors for 0 collections in 0.000069 seconds (updated 0 objects)
[2020.01.22-09.00.18:914][  0]LogContentStreaming: Texture pool size now 1000 MB
[2020.01.22-09.00.18:954][  1]LogFileCache: Retrieving MD5 hashes for directory 'C:/Users/bernat.grifol/Desktop/Proyectos_DAMVIOD/Proyecto_Unreal_DAMVIOD2/MyProject2/Content/' took 0.13s
[2020.01.22-09.00.19:831][103]LogSlate: Took 0.000277 seconds to synchronously load lazily loaded font '../../../Engine/Content/Slate/Fonts/Roboto-Light.ttf' (167K)
[2020.01.22-09.00.23:100][491]LogSlate: FSceneViewport::OnFocusLost() reason 0
[2020.01.22-09.00.23:266][510]LogAssetEditorManager: Opening Asset editor for Blueprint /Game/BL_Quiz.BL_Quiz
[2020.01.22-09.00.23:586][510]LogContentBrowser: Native class hierarchy updated for 'BlueprintGraph' in 0.0008 seconds. Added 121 classes and 0 folders.
[2020.01.22-09.00.24:558][510]LogSlate: Took 0.000350 seconds to synchronously load lazily loaded font '../../../Engine/Content/Slate/Fonts/Roboto-BoldCondensed.ttf' (158K)
[2020.01.22-09.00.32:162][272]LogTemp: Repeating last play command: Selected Viewport
[2020.01.22-09.00.32:195][272]LogBlueprintUserMessages: Early PlayInEditor Detection: Level '/Game/StarterContent/Maps/Minimal_Default.Minimal_Default:PersistentLevel' has LevelScriptBlueprint '/Game/StarterContent/Maps/Minimal_Default.Minimal_Default:PersistentLevel.Minimal_Default' with GeneratedClass '/Game/StarterContent/Maps/Minimal_Default.Minimal_Default_C' with ClassGeneratedBy '/Game/StarterContent/Maps/Minimal_Default.Minimal_Default:PersistentLevel.Minimal_Default'
[2020.01.22-09.00.32:195][272]LogPlayLevel: PlayLevel: No blueprints needed recompiling
[2020.01.22-09.00.32:195][272]PIE: New page: PIE session: Minimal_Default (22/1/2020 11:00:32)
[2020.01.22-09.00.32:208][272]LogPlayLevel: Creating play world package: /Game/StarterContent/Maps/UEDPIE_0_Minimal_Default
[2020.01.22-09.00.32:213][272]LogPlayLevel: PIE: StaticDuplicateObject took: (0.003773s)
[2020.01.22-09.00.32:213][272]LogAIModule: Creating AISystem for world Minimal_Default
[2020.01.22-09.00.32:213][272]LogPlayLevel: PIE: World Init took: (0.000649s)
[2020.01.22-09.00.32:213][272]LogPlayLevel: PIE: Created PIE world by copying editor world from /Game/StarterContent/Maps/Minimal_Default.Minimal_Default to /Game/StarterContent/Maps/UEDPIE_0_Minimal_Default.Minimal_Default (0.005138s)
[2020.01.22-09.00.32:259][272]LogUObjectHash: Compacting FUObjectHashTables data took   3.44ms
[2020.01.22-09.00.32:272][272]LogInit: XAudio2 using 'ASUS VP228 (NVIDIA High Definition Audio)' : 2 channels at 48 kHz using 16 bits per sample (channel mask 0x3)
[2020.01.22-09.00.32:283][272]LogInit: FAudioDevice initialized.
[2020.01.22-09.00.32:327][272]LogLoad: Game class is 'GameModeBase'
[2020.01.22-09.00.32:329][272]LogWorld: Bringing World /Game/StarterContent/Maps/UEDPIE_0_Minimal_Default.Minimal_Default up for play (max tick rate 0) at 2020.01.22-10.00.32
[2020.01.22-09.00.32:329][272]LogWorld: Bringing up level for play took: 0.000642
[2020.01.22-09.00.32:344][272]LogBlueprintActionDatabase: Requesting refresh due to module change: Voice (loaded)
[2020.01.22-09.00.32:347][272]LogBlueprintActionDatabase: Requesting refresh due to module change: MovieSceneCapture (loaded)
[2020.01.22-09.00.32:348][272]LogContentBrowser: Native class hierarchy updated for 'MovieSceneCapture' in 0.0005 seconds. Added 20 classes and 0 folders.
[2020.01.22-09.00.32:349][272]PIE: Warning: The widget 'WidgetMenu_C' was already added to the screen.
[2020.01.22-09.00.32:350][272]PIE: Play in editor start time for /Game/StarterContent/Maps/UEDPIE_0_Minimal_Default 0,262
[2020.01.22-09.00.32:350][272]LogBlueprintUserMessages: Late PlayInEditor Detection: Level '/Game/StarterContent/Maps/Minimal_Default.Minimal_Default:PersistentLevel' has LevelScriptBlueprint '/Game/StarterContent/Maps/Minimal_Default.Minimal_Default:PersistentLevel.Minimal_Default' with GeneratedClass '/Game/StarterContent/Maps/Minimal_Default.Minimal_Default_C' with ClassGeneratedBy '/Game/StarterContent/Maps/Minimal_Default.Minimal_Default:PersistentLevel.Minimal_Default'
[2020.01.22-09.00.37:577][847]LogSlate: Updating window title bar state: overlay mode, drag disabled, window buttons hidden, title bar hidden
[2020.01.22-09.00.37:579][847]PIE: Warning: The widget 'WidgetQuestions_C' was already added to the screen.
[2020.01.22-09.00.42:163][397]LogBlueprintUserMessages: [BL_Quiz_C_0] Final
[2020.01.22-09.01.18:838][790]LogInit: XAudio2 using 'Headset Earphone (Wireless Controller)' : 2 channels at 32 kHz using 16 bits per sample (channel mask 0x0)
[2020.01.22-09.01.18:893][790]LogInit: XAudio2 using 'Headset Earphone (Wireless Controller)' : 2 channels at 32 kHz using 16 bits per sample (channel mask 0x0)
[2020.01.22-09.01.19:058][805]LogInit: XAudio2 using 'Headset Earphone (Wireless Controller)' : 2 channels at 32 kHz using 16 bits per sample (channel mask 0x0)
[2020.01.22-09.01.19:086][805]LogInit: XAudio2 using 'Headset Earphone (Wireless Controller)' : 2 channels at 32 kHz using 16 bits per sample (channel mask 0x0)
[2020.01.22-09.01.21:045][ 31]LogAudio: Warning: Current Audio Device with ID {0.0.0.00000000}.{10f5d0ee-e4e0-40e6-9a70-6ef020c8ca40} was removed. Shutting down audio device.
[2020.01.22-09.01.21:046][ 31]LogAudio: Warning: Current Audio Device with ID {0.0.0.00000000}.{10f5d0ee-e4e0-40e6-9a70-6ef020c8ca40} was removed. Shutting down audio device.
[2020.01.22-09.01.21:046][ 31]LogInit: XAudio2 using 'ASUS VP228 (NVIDIA High Definition Audio)' : 2 channels at 48 kHz using 16 bits per sample (channel mask 0x3)
[2020.01.22-09.01.21:094][ 31]LogInit: XAudio2 using 'ASUS VP228 (NVIDIA High Definition Audio)' : 2 channels at 48 kHz using 16 bits per sample (channel mask 0x3)
[2020.01.22-09.01.21:270][ 49]LogInit: XAudio2 using 'ASUS VP228 (NVIDIA High Definition Audio)' : 2 channels at 48 kHz using 16 bits per sample (channel mask 0x3)
[2020.01.22-09.01.21:292][ 49]LogInit: XAudio2 using 'ASUS VP228 (NVIDIA High Definition Audio)' : 2 channels at 48 kHz using 16 bits per sample (channel mask 0x3)
[2020.01.22-09.01.29:096][982]LogBlueprintUserMessages: Early EndPlayMap Detection: Level '/Game/StarterContent/Maps/Minimal_Default.Minimal_Default:PersistentLevel' has LevelScriptBlueprint '/Game/StarterContent/Maps/Minimal_Default.Minimal_Default:PersistentLevel.Minimal_Default' with GeneratedClass '/Game/StarterContent/Maps/Minimal_Default.Minimal_Default_C' with ClassGeneratedBy '/Game/StarterContent/Maps/Minimal_Default.Minimal_Default:PersistentLevel.Minimal_Default'
[2020.01.22-09.01.29:097][982]LogSlate: Updating window title bar state: overlay mode, drag disabled, window buttons hidden, title bar hidden
[2020.01.22-09.01.29:124][982]LogPlayLevel: Display: Shutting down PIE online subsystems
[2020.01.22-09.01.29:125][982]LogBlueprintUserMessages: Late EndPlayMap Detection: Level '/Game/StarterContent/Maps/Minimal_Default.Minimal_Default:PersistentLevel' has LevelScriptBlueprint '/Game/StarterContent/Maps/Minimal_Default.Minimal_Default:PersistentLevel.Minimal_Default' with GeneratedClass '/Game/StarterContent/Maps/Minimal_Default.Minimal_Default_C' with ClassGeneratedBy '/Game/StarterContent/Maps/Minimal_Default.Minimal_Default:PersistentLevel.Minimal_Default'
[2020.01.22-09.01.29:175][982]LogSlate: Updating window title bar state: overlay mode, drag disabled, window buttons hidden, title bar hidden
[2020.01.22-09.01.29:203][982]LogUObjectHash: Compacting FUObjectHashTables data took   5.64ms
[2020.01.22-09.01.29:212][982]LogSlate: FSceneViewport::OnFocusLost() reason 2
[2020.01.22-09.01.29:240][983]LogPlayLevel: Display: Destroying online subsystem :Context_2
[2020.01.22-09.01.32:402][360]LogSlate: Window 'Message Log' being destroyed
[2020.01.22-09.01.32:407][360]LogSlate: Window 'Message Log' being destroyed
[2020.01.22-09.01.33:455][486]LogSlate: FSceneViewport::OnFocusLost() reason 0
[2020.01.22-09.01.33:566][496]LogAssetEditorManager: Opening Asset editor for Blueprint /Game/BuzzGameGameInstacnce.BuzzGameGameInstacnce
[2020.01.22-09.01.33:993][496]LogLinker: Warning: Can't resolve asset name
[2020.01.22-09.01.34:009][496]LogAssetEditorManager: Opening Asset editor for WidgetBlueprint /Game/WidgetChosePlayer.WidgetChosePlayer
[2020.01.22-09.01.34:364][496]LogBlueprintActionDatabase: Requesting refresh due to module change: SequencerWidgets (loaded)
[2020.01.22-09.01.34:482][496]LogAssetEditorManager: Opening Asset editor for WidgetBlueprint /Game/WidgetMenu.WidgetMenu
[2020.01.22-09.01.39:883][ 52]LogSlate: FSceneViewport::OnFocusLost() reason 0
[2020.01.22-09.01.39:974][ 60]AssetReimport: New page: Outstanding source content changes 11:01:39
[2020.01.22-09.01.39:976][ 60]LogEditorFactories: Performing atomic reimport of [C:/Users/bernat.grifol/Desktop/Proyectos_DAMVIOD/Proyecto_Unreal_DAMVIOD2/MyProject2/Content/Logo/Logo.png]
[2020.01.22-09.01.39:977][ 60]LogFactory: FactoryCreateFile: Texture2D with ReimportTextureFactory (0 0 C:/Users/bernat.grifol/Desktop/Proyectos_DAMVIOD/Proyecto_Unreal_DAMVIOD2/MyProject2/Content/Logo/Logo.png)
[2020.01.22-09.01.39:995][ 60]LogEditorFactories: -- imported successfully
[2020.01.22-09.01.40:033][ 61]Cmd: OBJ SAVEPACKAGE PACKAGE="/Game/Logo/Logo" FILE="../../../../../../Users/bernat.grifol/Desktop/Proyectos_DAMVIOD/Proyecto_Unreal_DAMVIOD2/MyProject2/Content/Logo/Logo.uasset" SILENT=true
[2020.01.22-09.01.40:084][ 61]LogSavePackage: Moving '../../../../../../Users/bernat.grifol/Desktop/Proyectos_DAMVIOD/Proyecto_Unreal_DAMVIOD2/MyProject2/Saved/Logo20BA0D8F4641AD60DD8C9195D03E721E.tmp' to '../../../../../../Users/bernat.grifol/Desktop/Proyectos_DAMVIOD/Proyecto_Unreal_DAMVIOD2/MyProject2/Content/Logo/Logo.uasset'
[2020.01.22-09.01.41:258][192]LogSlate: FSceneViewport::OnFocusLost() reason 0
[2020.01.22-09.01.41:366][205]LogTemp: Repeating last play command: Selected Viewport
[2020.01.22-09.01.41:408][205]LogBlueprintUserMessages: Early PlayInEditor Detection: Level '/Game/StarterContent/Maps/Minimal_Default.Minimal_Default:PersistentLevel' has LevelScriptBlueprint '/Game/StarterContent/Maps/Minimal_Default.Minimal_Default:PersistentLevel.Minimal_Default' with GeneratedClass '/Game/StarterContent/Maps/Minimal_Default.Minimal_Default_C' with ClassGeneratedBy '/Game/StarterContent/Maps/Minimal_Default.Minimal_Default:PersistentLevel.Minimal_Default'
[2020.01.22-09.01.41:408][205]LogPlayLevel: PlayLevel: No blueprints needed recompiling
[2020.01.22-09.01.41:408][205]PIE: New page: PIE session: Minimal_Default (22/1/2020 11:01:41)
[2020.01.22-09.01.41:409][205]LogPlayLevel: Creating play world package: /Game/StarterContent/Maps/UEDPIE_0_Minimal_Default
[2020.01.22-09.01.41:413][205]LogPlayLevel: PIE: StaticDuplicateObject took: (0.003761s)
[2020.01.22-09.01.41:413][205]LogAIModule: Creating AISystem for world Minimal_Default
[2020.01.22-09.01.41:413][205]LogPlayLevel: PIE: World Init took: (0.000600s)
[2020.01.22-09.01.41:413][205]LogPlayLevel: PIE: Created PIE world by copying editor world from /Game/StarterContent/Maps/Minimal_Default.Minimal_Default to /Game/StarterContent/Maps/UEDPIE_0_Minimal_Default.Minimal_Default (0.004483s)
[2020.01.22-09.01.41:488][205]LogUObjectHash: Compacting FUObjectHashTables data took   7.38ms
[2020.01.22-09.01.41:500][205]LogInit: XAudio2 using 'ASUS VP228 (NVIDIA High Definition Audio)' : 2 channels at 48 kHz using 16 bits per sample (channel mask 0x3)
[2020.01.22-09.01.41:510][205]LogInit: FAudioDevice initialized.
[2020.01.22-09.01.41:539][205]LogLoad: Game class is 'GameModeBase'
[2020.01.22-09.01.41:540][205]LogWorld: Bringing World /Game/StarterContent/Maps/UEDPIE_0_Minimal_Default.Minimal_Default up for play (max tick rate 0) at 2020.01.22-10.01.41
[2020.01.22-09.01.41:540][205]LogWorld: Bringing up level for play took: 0.000530
[2020.01.22-09.01.41:554][205]PIE: Warning: The widget 'WidgetMenu_C' was already added to the screen.
[2020.01.22-09.01.41:554][205]PIE: Play in editor start time for /Game/StarterContent/Maps/UEDPIE_0_Minimal_Default -0,534
[2020.01.22-09.01.41:554][205]LogBlueprintUserMessages: Late PlayInEditor Detection: Level '/Game/StarterContent/Maps/Minimal_Default.Minimal_Default:PersistentLevel' has LevelScriptBlueprint '/Game/StarterContent/Maps/Minimal_Default.Minimal_Default:PersistentLevel.Minimal_Default' with GeneratedClass '/Game/StarterContent/Maps/Minimal_Default.Minimal_Default_C' with ClassGeneratedBy '/Game/StarterContent/Maps/Minimal_Default.Minimal_Default:PersistentLevel.Minimal_Default'
[2020.01.22-09.01.43:101][389]AssetReimport: Reimported asset Logo from C:/Users/bernat.grifol/Desktop/Proyectos_DAMVIOD/Proyecto_Unreal_DAMVIOD2/MyProject2/Content/Logo/Logo.png.
[2020.01.22-09.01.50:673][292]LogBlueprintUserMessages: Early EndPlayMap Detection: Level '/Game/StarterContent/Maps/Minimal_Default.Minimal_Default:PersistentLevel' has LevelScriptBlueprint '/Game/StarterContent/Maps/Minimal_Default.Minimal_Default:PersistentLevel.Minimal_Default' with GeneratedClass '/Game/StarterContent/Maps/Minimal_Default.Minimal_Default_C' with ClassGeneratedBy '/Game/StarterContent/Maps/Minimal_Default.Minimal_Default:PersistentLevel.Minimal_Default'
[2020.01.22-09.01.50:673][292]LogSlate: Updating window title bar state: overlay mode, drag disabled, window buttons hidden, title bar hidden
[2020.01.22-09.01.50:704][292]LogPlayLevel: Display: Shutting down PIE online subsystems
[2020.01.22-09.01.50:704][292]LogBlueprintUserMessages: Late EndPlayMap Detection: Level '/Game/StarterContent/Maps/Minimal_Default.Minimal_Default:PersistentLevel' has LevelScriptBlueprint '/Game/StarterContent/Maps/Minimal_Default.Minimal_Default:PersistentLevel.Minimal_Default' with GeneratedClass '/Game/StarterContent/Maps/Minimal_Default.Minimal_Default_C' with ClassGeneratedBy '/Game/StarterContent/Maps/Minimal_Default.Minimal_Default:PersistentLevel.Minimal_Default'
[2020.01.22-09.01.50:757][292]LogSlate: Updating window title bar state: overlay mode, drag disabled, window buttons hidden, title bar hidden
[2020.01.22-09.01.50:768][292]LogUObjectHash: Compacting FUObjectHashTables data took   6.80ms
[2020.01.22-09.01.50:777][292]LogSlate: FSceneViewport::OnFocusLost() reason 2
[2020.01.22-09.01.50:805][293]LogPlayLevel: Display: Destroying online subsystem :Context_8
[2020.01.22-09.02.30:823][543]LogInit: XAudio2 using 'Headset Earphone (Wireless Controller)' : 2 channels at 32 kHz using 16 bits per sample (channel mask 0x0)
[2020.01.22-09.02.32:148][547]LogAudio: Warning: Current Audio Device with ID {0.0.0.00000000}.{10f5d0ee-e4e0-40e6-9a70-6ef020c8ca40} was removed. Shutting down audio device.
[2020.01.22-09.02.32:148][547]LogInit: XAudio2 using 'ASUS VP228 (NVIDIA High Definition Audio)' : 2 channels at 48 kHz using 16 bits per sample (channel mask 0x3)
[2020.01.22-09.02.33:840][552]LogInit: XAudio2 using 'Headset Earphone (Wireless Controller)' : 2 channels at 32 kHz using 16 bits per sample (channel mask 0x0)
[2020.01.22-09.02.34:190][553]LogAudio: Error: GetDeviceCount error: Unhandled error code -2147024809
[2020.01.22-09.02.34:190][553]LogInit: No audio devices found!
[2020.01.22-09.02.34:489][554]LogAudio: Warning: Current Audio Device with ID {0.0.0.00000000}.{10f5d0ee-e4e0-40e6-9a70-6ef020c8ca40} was removed. Shutting down audio device.
[2020.01.22-09.02.34:489][554]LogInit: XAudio2 using 'ASUS VP228 (NVIDIA High Definition Audio)' : 2 channels at 48 kHz using 16 bits per sample (channel mask 0x3)
[2020.01.22-09.18.09:750][342]LogAudio: Warning: Current Audio Device with ID {0.0.0.00000000}.{e224d0a7-7c12-43f5-909d-fe653ab7d031} was removed. Shutting down audio device.
[2020.01.22-09.18.09:750][342]LogAudio: Warning: Current Audio Device with ID {0.0.0.00000000}.{e224d0a7-7c12-43f5-909d-fe653ab7d031} was removed. Shutting down audio device.
[2020.01.22-09.18.09:750][342]LogInit: XAudio2 using 'ASUS VP228 (NVIDIA High Definition Audio)' : 2 channels at 48 kHz using 16 bits per sample (channel mask 0x3)
